<?xml version="1.0" encoding="UTF-8"?>
<!-- Generated by org.testng.reporters.JUnitReportReporter -->
<testsuite hostname="LIN24007749" failures="0" tests="3" name="tests.LoginTest" time="13.637" errors="0" timestamp="2022-07-07T18:46:14 IST" skipped="0">
  <testcase classname="tests.LoginTest" name="loginWithValidCredentials" time="4.561"/>
  <system-out/>
  <testcase classname="tests.LoginTest" name="loginWithValidUsernameAndInvalidPassword" time="4.481"/>
  <system-out/>
  <testcase classname="tests.LoginTest" name="loginWithInvalidUsernameAndValidPassword" time="4.595"/>
  <system-out/>
</testsuite> <!-- tests.LoginTest -->
