<?xml version="1.0" encoding="UTF-8"?>
<!-- Generated by org.testng.reporters.JUnitReportReporter -->
<testsuite hostname="LIN24007749" failures="0" tests="3" name="tests.RegisterTest" time="17.209" errors="0" timestamp="2022-07-07T18:46:14 IST" skipped="0">
  <testcase classname="tests.RegisterTest" name="registerWithMandatoryFields" time="5.649"/>
  <system-out/>
  <testcase classname="tests.RegisterTest" name="registerWithAllFields" time="6.322"/>
  <system-out/>
  <testcase classname="tests.RegisterTest" name="registerWithAlreadyRegisteredEmailAddress" time="5.238"/>
  <system-out/>
</testsuite> <!-- tests.RegisterTest -->
