<?xml version="1.0" encoding="UTF-8"?>
<!-- Generated by org.testng.reporters.JUnitReportReporter -->
<testsuite hostname="LIN24007749" failures="0" tests="3" name="tests.ShoppingcartTest" time="18.002" errors="0" timestamp="2022-07-07T18:46:14 IST" skipped="0">
  <testcase classname="tests.ShoppingcartTest" name="AsacustomerIwanttonavigatetoShoppingcartpage" time="3.900"/>
  <system-out/>
  <testcase classname="tests.ShoppingcartTest" name="AsacustomerIwanttoAddtheproducttoShoppingcart" time="4.397"/>
  <system-out/>
  <testcase classname="tests.ShoppingcartTest" name="AsacustomerIwanttoAddtheproductFromWishListtoShoppingCart" time="9.705"/>
  <system-out/>
</testsuite> <!-- tests.ShoppingcartTest -->
