<?xml version="1.0" encoding="UTF-8"?>
<!-- Generated by org.testng.reporters.JUnitReportReporter -->
<testsuite hostname="LIN24007749" failures="0" tests="1" name="tests.OrderingProducts" time="97.132" errors="0" timestamp="2022-07-07T21:46:45 IST" skipped="0">
  <testcase classname="tests.OrderingProducts" name="Checkoutwithvaliddeliverydetails" time="97.132"/>
  <system-out/>
</testsuite> <!-- tests.OrderingProducts -->
