<?xml version="1.0" encoding="UTF-8"?>
<!-- Generated by org.testng.reporters.JUnitReportReporter -->
<testsuite hostname="LIN24007749" failures="0" tests="3" name="tests.SearchTest" time="10.540" errors="0" timestamp="2022-07-07T18:46:14 IST" skipped="0">
  <testcase classname="tests.SearchTest" name="searchWithValidProduct" time="3.639"/>
  <system-out/>
  <testcase classname="tests.SearchTest" name="searchWithInValidProduct" time="3.561"/>
  <system-out/>
  <testcase classname="tests.SearchTest" name="searchWithoutAnyProduct" time="3.340"/>
  <system-out/>
</testsuite> <!-- tests.SearchTest -->
