<?xml version="1.0" encoding="UTF-8"?>
<!-- Generated by org.testng.reporters.JUnitReportReporter -->
<testsuite hostname="LIN24007749" failures="0" tests="2" name="tests.HomepageTest" time="10.182" errors="0" timestamp="2022-07-07T18:46:14 IST" skipped="0">
  <testcase classname="tests.HomepageTest" name="Verifynavigatinghomepagelogo" time="3.848"/>
  <system-out/>
  <testcase classname="tests.HomepageTest" name="Verifybannerimage" time="6.334"/>
  <system-out/>
</testsuite> <!-- tests.HomepageTest -->
