<?xml version="1.0" encoding="UTF-8"?>
<!-- Generated by org.testng.reporters.JUnitReportReporter -->
<testsuite hostname="LIN24007749" failures="0" tests="3" name="tests.CheckoutTest" time="75.438" errors="0" timestamp="2022-07-07T18:46:14 IST" skipped="0">
  <testcase classname="tests.CheckoutTest" name="Checkoutwithvaliddeliverydetails" time="30.281"/>
  <system-out/>
  <testcase classname="tests.CheckoutTest" name="CheckoutwithInvaliddeliverydetails" time="28.002"/>
  <system-out/>
  <testcase classname="tests.CheckoutTest" name="Checkoutwithnofilledddeliverydetails" time="17.155"/>
  <system-out/>
</testsuite> <!-- tests.CheckoutTest -->
